{"author":{"id":"15be35fc00c90ba8a13e1c79aa8e084cd39b3351366320f356c3c6c3c1d53922"},"ops":[{"type":1,"author":{"id":"15be35fc00c90ba8a13e1c79aa8e084cd39b3351366320f356c3c6c3c1d53922"},"timestamp":1487574977,"metadata":{"github-id":"MDU6SXNzdWUyMDg4MDEwOTI=","github-url":"https://github.com/rurban/smhasher/issues/30","origin":"github"},"nonce":"dAxcdioaO5L7cIdlDJEPcVjTr2U=","title":"compilation metrohash64crc failder under MSVC9","message":"i use https://github.com/flier/pyfasthash\nin my python code\nit's use your great smhasher repository as git submodule\nwhen i try compile this extension under MCVC9\n\ni have following errors\n```\nsrc\\smhasher\\metrohash64crc.cpp(52) : error C3861: '_mm_crc32_u64': identifier not found\nsrc\\smhasher\\metrohash64crc.cpp(53) : error C3861: '_mm_crc32_u64': identifier not found\nsrc\\smhasher\\metrohash64crc.cpp(54) : error C3861: '_mm_crc32_u64': identifier not found\nsrc\\smhasher\\metrohash64crc.cpp(55) : error C3861: '_mm_crc32_u64': identifier not found\nsrc\\smhasher\\metrohash64crc.cpp(84) : error C3861: '_mm_crc32_u64': identifier not found\nsrc\\smhasher\\metrohash64crc.cpp(90) : error C3861: '_mm_crc32_u64': identifier not found\nsrc\\smhasher\\metrohash64crc.cpp(96) : error C3861: '_mm_crc32_u64': identifier not found\nsrc\\smhasher\\metrohash64crc.cpp(130) : error C3861: '_mm_crc32_u64': identifier not found\nsrc\\smhasher\\metrohash64crc.cpp(131) : error C3861: '_mm_crc32_u64': identifier not found\nsrc\\smhasher\\metrohash64crc.cpp(132) : error C3861: '_mm_crc32_u64': identifier not found\nsrc\\smhasher\\metrohash64crc.cpp(133) : error C3861: '_mm_crc32_u64': identifier not found\nsrc\\smhasher\\metrohash64crc.cpp(162) : error C3861: '_mm_crc32_u64': identifier not found\nsrc\\smhasher\\metrohash64crc.cpp(168) : error C3861: '_mm_crc32_u64': identifier not found\nsrc\\smhasher\\metrohash64crc.cpp(174) : error C3861: '_mm_crc32_u64': identifier not found\nerror: Setup script exited with error: command 'C:\\\\Users\\\\nulluser\\\\AppData\\\\Local\\\\Programs\\\\Common\\\\Microsoft\\\\Visual C++ for Python\\\\9.0\\\\VC\\\\Bin\\\\cl.exe' failed with exit status 2\n```\n\ni don't know C++ ;) sorry\ncould you help me resolve this compilation issue?","files":null}]}